0 info it worked if it ends with ok
1 verbose cli [ '/usr/bin/nodejs', '/usr/local/bin/npm', 'install' ]
2 info using npm@2.7.0
3 info using node@v4.5.0
4 verbose config Skipping project config: /home/developer/.npmrc. (matches userconfig)
5 error install Couldn't read dependencies
6 verbose stack Error: ENOENT: no such file or directory, open '/home/developer/package.json'
6 verbose stack     at Error (native)
7 verbose cwd /home/developer/lab02
8 error Linux 3.16.0-53-generic
9 error argv "/usr/bin/nodejs" "/usr/local/bin/npm" "install"
10 error node v4.5.0
11 error npm  v2.7.0
12 error path /home/developer/package.json
13 error code ENOPACKAGEJSON
14 error errno -2
15 error syscall open
16 error package.json ENOENT: no such file or directory, open '/home/developer/package.json'
16 error package.json This is most likely not a problem with npm itself.
16 error package.json npm can't find a package.json file in your current directory.
17 verbose exit [ -2, true ]
